<?xml version="1.0" encoding="UTF-8"?>
<!-- Generated by org.testng.reporters.JUnitReportReporter -->
<testsuite skipped="0" hostname="in-ishansai.local" name="tests.YCDemo" tests="5" failures="0" timestamp="20 Aug 2018 09:10:41 GMT" time="11.860" errors="0">
  <testcase name="test03_HackerNewsLoginPage" time="0.423" classname="tests.YCDemo"/>
  <testcase name="test04_AfterLoginPage" time="1.663" classname="tests.YCDemo"/>
  <testcase name="test02_HackerNewsLandingPage" time="7.810" classname="tests.YCDemo"/>
  <testcase name="test05_LoggedOut" time="1.888" classname="tests.YCDemo"/>
  <testcase name="test01_VerifyHomePage" time="0.076" classname="tests.YCDemo"/>
</testsuite> <!-- tests.YCDemo -->
