<?xml version="1.0" encoding="UTF-8"?>
<!-- Generated by org.testng.reporters.JUnitReportReporter -->
<testsuite skipped="0" hostname="in-ishansai.local" name="tests.YCDemo" tests="5" failures="0" timestamp="13 Aug 2018 11:15:41 GMT" time="11.726" errors="0">
  <testcase name="test04_AfterLoginPage" time="1.651" classname="tests.YCDemo"/>
  <testcase name="test02_HackerNewsLandingPage" time="7.730" classname="tests.YCDemo"/>
  <testcase name="test03_HackerNewsLoginPage" time="0.424" classname="tests.YCDemo"/>
  <testcase name="test01_VerifyHomePage" time="0.068" classname="tests.YCDemo"/>
  <testcase name="test05_LoggedOut" time="1.853" classname="tests.YCDemo"/>
</testsuite> <!-- tests.YCDemo -->
