<?xml version="1.0" encoding="UTF-8"?>
<!-- Generated by org.testng.reporters.JUnitReportReporter -->
<testsuite skipped="0" hostname="INprasadm.local" name="tests.SearchTest" tests="1" failures="0" timestamp="24 Jul 2018 18:24:46 GMT" time="2.781" errors="0">
  <testcase name="verifyHomePage" time="2.781" classname="tests.SearchTest"/>
</testsuite> <!-- tests.SearchTest -->
